Performing C SOURCE FILE Test C_Wlogical_op_VALID failed with the following output:
Change Dir: /sgoinfre/goinfre/Perso/adbenoit/Cursus/42_snow-crash/utils/wireshark-3.6.3/CMakeFiles/CMakeTmp

Run Build Command(s):/usr/bin/make cmTC_b5b98/fast && /usr/bin/make -f CMakeFiles/cmTC_b5b98.dir/build.make CMakeFiles/cmTC_b5b98.dir/build
make[1]: Entering directory '/sgoinfre/goinfre/Perso/adbenoit/Cursus/42_snow-crash/utils/wireshark-3.6.3/CMakeFiles/CMakeTmp'
Building C object CMakeFiles/cmTC_b5b98.dir/src.c.o
/usr/bin/cc   -std=gnu99  -DC_Wlogical_op_VALID -fPIE    -Qunused-arguments -Wall -Wextra -Wendif-labels -Wpointer-arith -Wformat-security -fwrapv -fno-strict-overflow -Wvla -Waddress -Wattributes -Wdiv-by-zero -Wignored-qualifiers -Wpragmas -Wno-overlength-strings -Wno-long-long -Wheader-guard -Wcomma -Wshorten-64-to-32 -Wredundant-decls -Wframe-larger-than=32768 -Wunused-const-variable -Wshadow -Wold-style-definition -Wstrict-prototypes -Wlogical-op -o CMakeFiles/cmTC_b5b98.dir/src.c.o   -c /sgoinfre/goinfre/Perso/adbenoit/Cursus/42_snow-crash/utils/wireshark-3.6.3/CMakeFiles/CMakeTmp/src.c
warning: unknown warning option '-Wlogical-op'; did you mean '-Wlong-long'? [-Wunknown-warning-option]
1 warning generated.
Linking C executable cmTC_b5b98
/usr/bin/cmake -E cmake_link_script CMakeFiles/cmTC_b5b98.dir/link.txt --verbose=1
/usr/bin/cc -std=gnu99  -DC_Wlogical_op_VALID    CMakeFiles/cmTC_b5b98.dir/src.c.o  -o cmTC_b5b98 
make[1]: Leaving directory '/sgoinfre/goinfre/Perso/adbenoit/Cursus/42_snow-crash/utils/wireshark-3.6.3/CMakeFiles/CMakeTmp'


Source file was:
int main(void) { return 0; }
Performing C SOURCE FILE Test C_Wjump_misses_init_VALID failed with the following output:
Change Dir: /sgoinfre/goinfre/Perso/adbenoit/Cursus/42_snow-crash/utils/wireshark-3.6.3/CMakeFiles/CMakeTmp

Run Build Command(s):/usr/bin/make cmTC_f2b8f/fast && /usr/bin/make -f CMakeFiles/cmTC_f2b8f.dir/build.make CMakeFiles/cmTC_f2b8f.dir/build
make[1]: Entering directory '/sgoinfre/goinfre/Perso/adbenoit/Cursus/42_snow-crash/utils/wireshark-3.6.3/CMakeFiles/CMakeTmp'
Building C object CMakeFiles/cmTC_f2b8f.dir/src.c.o
/usr/bin/cc   -std=gnu99  -DC_Wjump_misses_init_VALID -fPIE    -Qunused-arguments -Wall -Wextra -Wendif-labels -Wpointer-arith -Wformat-security -fwrapv -fno-strict-overflow -Wvla -Waddress -Wattributes -Wdiv-by-zero -Wignored-qualifiers -Wpragmas -Wno-overlength-strings -Wno-long-long -Wheader-guard -Wcomma -Wshorten-64-to-32 -Wredundant-decls -Wframe-larger-than=32768 -Wunused-const-variable -Wshadow -Wold-style-definition -Wstrict-prototypes -Wjump-misses-init -o CMakeFiles/cmTC_f2b8f.dir/src.c.o   -c /sgoinfre/goinfre/Perso/adbenoit/Cursus/42_snow-crash/utils/wireshark-3.6.3/CMakeFiles/CMakeTmp/src.c
warning: unknown warning option '-Wjump-misses-init' [-Wunknown-warning-option]
1 warning generated.
Linking C executable cmTC_f2b8f
/usr/bin/cmake -E cmake_link_script CMakeFiles/cmTC_f2b8f.dir/link.txt --verbose=1
/usr/bin/cc -std=gnu99  -DC_Wjump_misses_init_VALID    CMakeFiles/cmTC_f2b8f.dir/src.c.o  -o cmTC_f2b8f 
make[1]: Leaving directory '/sgoinfre/goinfre/Perso/adbenoit/Cursus/42_snow-crash/utils/wireshark-3.6.3/CMakeFiles/CMakeTmp'


Source file was:
int main(void) { return 0; }
